<?xml version="1.0" encoding="UTF-8"?>
<!-- Generated by org.testng.reporters.JUnitReportReporter -->
<testsuite hostname="DESKTOP-9N3RLMN" failures="0" tests="1" name="AdvanceReportGeneration.reportDemo" time="8.403" errors="0" timestamp="2024-09-17T18:18:05 IST" skipped="0">
  <testcase classname="AdvanceReportGeneration.reportDemo" name="sampleTest" time="8.403"/>
</testsuite> <!-- AdvanceReportGeneration.reportDemo -->
